05:41:41 2023-02-08 [INFO] Executing command /home/irisowner/irissys/startISCAgent.sh 2188...
05:41:41 2023-02-08 [INFO] Writing status to file: /home/irisowner/irissys/iscagent.status
Reading configuration from file: /home/irisowner/irissys/iscagent.conf
ISCAgent[17]: Starting
ISCAgent[19]: Starting ApplicationServer on *:2188

05:41:41 2023-02-08 [INFO] ...executed command /home/irisowner/irissys/startISCAgent.sh 2188
05:41:41 2023-02-08 [INFO] Starting InterSystems IRIS instance IRIS...
05:42:20 2023-02-08 [INFO] Starting Control Process
Global buffer setting requires attention.  Auto-selected 25% of total memory.
Allocated 1486MB shared memory
983MB global buffers, 300MB routine buffers
Starting Control Process
Global buffer setting requires attention.  Auto-selected 25% of total memory.
Allocated 1486MB shared memory
983MB global buffers, 300MB routine buffers
Starting Control Process
Global buffer setting requires attention.  Auto-selected 25% of total memory.
Allocated 1486MB shared memory
983MB global buffers, 300MB routine buffers
Starting Control Process
Global buffer setting requires attention.  Auto-selected 25% of total memory.
Allocated 1486MB shared memory
983MB global buffers, 300MB routine buffers
Starting Control Process
Global buffer setting requires attention.  Auto-selected 25% of total memory.
Allocated 1486MB shared memory
983MB global buffers, 300MB routine buffers
Starting Control Process
Global buffer setting requires attention.  Auto-selected 25% of total memory.
Allocated 1486MB shared memory
983MB global buffers, 300MB routine buffers
Starting Control Process
Global buffer setting requires attention.  Auto-selected 25% of total memory.
Allocated 1486MB shared memory
983MB global buffers, 300MB routine buffers
Starting Control Process
Global buffer setting requires attention.  Auto-selected 25% of total memory.
Allocated 1486MB shared memory
983MB global buffers, 300MB routine buffers
Starting Control Process
Global buffer setting requires attention.  Auto-selected 25% of total memory.
Allocated 1486MB shared memory
983MB global buffers, 300MB routine buffers
Starting Control Process
Global buffer setting requires attention.  Auto-selected 25% of total memory.
Allocated 1486MB shared memory
983MB global buffers, 300MB routine buffers
Starting Control Process
Global buffer setting requires attention.  Auto-selected 25% of total memory.
Allocated 1486MB shared memory
983MB global buffers, 300MB routine buffers
Starting Control Process
Global buffer setting requires attention.  Auto-selected 25% of total memory.
Allocated 1486MB shared memory
983MB global buffers, 300MB routine buffers
Starting Control Process
Global buffer setting requires attention.  Auto-selected 25% of total memory.
Allocated 1486MB shared memory
983MB global buffers, 300MB routine buffers
Starting Control Process
Global buffer setting requires attention.  Auto-selected 25% of total memory.
Allocated 1486MB shared memory
983MB global buffers, 300MB routine buffers
Starting Control Process
Global buffer setting requires attention.  Auto-selected 25% of total memory.
Allocated 1486MB shared memory
983MB global buffers, 300MB routine buffers
Starting Control Process
Global buffer setting requires attention.  Auto-selected 25% of total memory.
Allocated 1486MB shared memory
983MB global buffers, 300MB routine buffers
Starting Control Process
Global buffer setting requires attention.  Auto-selected 25% of total memory.
Allocated 1486MB shared memory
983MB global buffers, 300MB routine buffers
Starting Control Process
Global buffer setting requires attention.  Auto-selected 25% of total memory.
Allocated 1486MB shared memory
983MB global buffers, 300MB routine buffers
Starting Control Process
Global buffer setting requires attention.  Auto-selected 25% of total memory.
Allocated 1486MB shared memory
983MB global buffers, 300MB routine buffers
Starting Control Process
Global buffer setting requires attention.  Auto-selected 25% of total memory.
Allocated 1486MB shared memory
983MB global buffers, 300MB routine buffers
Starting Control Process
Global buffer setting requires attention.  Auto-selected 25% of total memory.
Allocated 1486MB shared memory
983MB global buffers, 300MB routine buffers
Starting Control Process
Global buffer setting requires attention.  Auto-selected 25% of total memory.
Allocated 1486MB shared memory
983MB global buffers, 300MB routine buffers
Starting Control Process
Global buffer setting requires attention.  Auto-selected 25% of total memory.
Allocated 1486MB shared memory
983MB global buffers, 300MB routine buffers
Starting Control Process
Global buffer setting requires attention.  Auto-selected 25% of total memory.
Allocated 1486MB shared memory
983MB global buffers, 300MB routine buffers
Starting Control Process
Global buffer setting requires attention.  Auto-selected 25% of total memory.
Allocated 1486MB shared memory
983MB global buffers, 300MB routine buffers
Starting Control Process
Global buffer setting requires attention.  Auto-selected 25% of total memory.
Allocated 1486MB shared memory
983MB global buffers, 300MB routine buffers
Starting Control Process
Global buffer setting requires attention.  Auto-selected 25% of total memory.
Allocated 1486MB shared memory
983MB global buffers, 300MB routine buffers
Starting Control Process
Global buffer setting requires attention.  Auto-selected 25% of total memory.
Allocated 1486MB shared memory
983MB global buffers, 300MB routine buffers
Starting Control Process
Global buffer setting requires attention.  Auto-selected 25% of total memory.
Allocated 1486MB shared memory
983MB global buffers, 300MB routine buffers
Starting Control Process
Global buffer setting requires attention.  Auto-selected 25% of total memory.
Allocated 1486MB shared memory
983MB global buffers, 300MB routine buffers
Starting Control Process
Global buffer setting requires attention.  Auto-selected 25% of total memory.
Allocated 1486MB shared memory
983MB global buffers, 300MB routine buffers
Starting Control Process
Global buffer setting requires attention.  Auto-selected 25% of total memory.
Allocated 1486MB shared memory
983MB global buffers, 300MB routine buffers
Starting Control Process
Global buffer setting requires attention.  Auto-selected 25% of total memory.
Allocated 1486MB shared memory
983MB global buffers, 300MB routine buffers
Starting Control Process
Global buffer setting requires attention.  Auto-selected 25% of total memory.
Allocated 1486MB shared memory
983MB global buffers, 300MB routine buffers
Starting Control Process
Global buffer setting requires attention.  Auto-selected 25% of total memory.
Allocated 1486MB shared memory
983MB global buffers, 300MB routine buffers
Starting Control Process
Global buffer setting requires attention.  Auto-selected 25% of total memory.
Allocated 1486MB shared memory
983MB global buffers, 300MB routine buffers
Starting Control Process
Global buffer setting requires attention.  Auto-selected 25% of total memory.
Allocated 1486MB shared memory
983MB global buffers, 300MB routine buffers
Starting Control Process
Global buffer setting requires attention.  Auto-selected 25% of total memory.
Allocated 1486MB shared memory
983MB global buffers, 300MB routine buffers
Starting Control Process
Global buffer setting requires attention.  Auto-selected 25% of total memory.
Allocated 1486MB shared memory
983MB global buffers, 300MB routine buffers
Starting Control Process
Global buffer setting requires attention.  Auto-selected 25% of total memory.
Allocated 1486MB shared memory
983MB global buffers, 300MB routine buffers
This copy of InterSystems IRIS has been licensed for use exclusively by:
InterSystems IRIS Community
Copyright (c) 1986-2022 by InterSystems Corporation
Any other use is a violation of your license agreement

1 alert(s) during startup. See messages.log for details.
Starting IRIS


05:42:21 2023-02-08 [INFO] ...started InterSystems IRIS instance IRIS
